<?xml version="1.0" encoding="UTF-8"?>
<testsuite xmlns:xsi="http://www.w3.org/2001/XMLSchema-instance" xsi:noNamespaceSchemaLocation="https://maven.apache.org/surefire/maven-surefire-plugin/xsd/surefire-test-report.xsd" name="com.example.cowin.CowinApplicationTests" time="0.189" tests="3" errors="0" skipped="0" failures="0">
  <properties>
[...]
</properties>
  <testcase name="testResponse" classname="com.example.cowin.CowinApplicationTests" time="0.173"/>
  <testcase name="stringFormattingTest" classname="com.example.cowin.CowinApplicationTests" time="0.008"/>
  <testcase name="dateFormattingTest" classname="com.example.cowin.CowinApplicationTests" time="0.001"/>
</testsuite>